<?xml version="1.0" encoding="UTF-8"?>
<!-- Generated by org.testng.reporters.JUnitXMLReporter -->
<testsuite ignored="10" hostname="JarvisLaptop" failures="0" tests="2" name="Test" time="0.059" errors="0" timestamp="2022-06-22T21:38:53 IST">
  <testcase classname="Tutorial.DogInsurance" name="MobileLogin" time="0.009"/>
  <testcase classname="Tutorial.DogInsurance" name="MobileLogout" time="0.0"/>
  <testcase classname="Tutorial.DogInsurance" name="WebLogout" time="0.0">
    <ignored/>
  </testcase> <!-- WebLogout -->
  <testcase classname="Tutorial.VehicleInsurance" name="WebLogin" time="0.0">
    <ignored/>
  </testcase> <!-- WebLogin -->
  <testcase classname="Tutorial.DogInsurance" name="WebLogin" time="0.0">
    <ignored/>
  </testcase> <!-- WebLogin -->
  <testcase classname="Tutorial.VehicleInsurance" name="MobileLogin" time="0.0">
    <ignored/>
  </testcase> <!-- MobileLogin -->
  <testcase classname="Tutorial.HomeInsurance" name="WebLogout" time="0.0">
    <ignored/>
  </testcase> <!-- WebLogout -->
  <testcase classname="Tutorial.HomeInsurance" name="MobileLogout" time="0.0">
    <ignored/>
  </testcase> <!-- MobileLogout -->
  <testcase classname="Tutorial.VehicleInsurance" name="WebLogout" time="0.0">
    <ignored/>
  </testcase> <!-- WebLogout -->
  <testcase classname="Tutorial.VehicleInsurance" name="MobileLogout" time="0.0">
    <ignored/>
  </testcase> <!-- MobileLogout -->
  <testcase classname="Tutorial.HomeInsurance" name="WebLogin" time="0.0">
    <ignored/>
  </testcase> <!-- WebLogin -->
  <testcase classname="Tutorial.HomeInsurance" name="MobileLogin" time="0.0">
    <ignored/>
  </testcase> <!-- MobileLogin -->
</testsuite> <!-- Test -->
