<?xml version="1.0" encoding="UTF-8"?>
<!-- Generated by org.testng.reporters.JUnitXMLReporter -->
<testsuite ignored="0" hostname="JarvisLaptop" failures="0" tests="3" name="Default test" time="26.501" errors="0" timestamp="2022-07-24T21:41:22 IST">
  <testcase classname="TestCases.LoginTest" name="LoginTest" time="2.394"/>
  <testcase classname="TestCases.LoginTest" name="InvalidLogin" time="5.499"/>
  <testcase classname="TestCases.LoginTest" name="InvalidLogin" time="5.496"/>
</testsuite> <!-- Default test -->
