<?xml version="1.0" encoding="UTF-8"?>
<!-- Generated by org.testng.reporters.JUnitXMLReporter -->
<testsuite ignored="10" hostname="JarvisLaptop" failures="1" tests="2" name="Test" time="0.056" errors="0" timestamp="2022-07-05T21:47:09 IST">
  <testcase classname="Tutorial.DogInsurance" name="MobileLogin" time="0.008"/>
  <testcase classname="Tutorial.DogInsurance" name="MobileLogout" time="0.003">
    <failure type="java.lang.AssertionError" message="expected [true] but found [false]">
      <![CDATA[java.lang.AssertionError: expected [true] but found [false]
at Tutorial.DogInsurance.MobileLogout(DogInsurance.java:59)
at java.base/java.util.ArrayList.forEach(ArrayList.java:1511)
... Removed 33 stack frames]]>
    </failure>
  </testcase> <!-- MobileLogout -->
  <testcase classname="Tutorial.VehicleInsurance" name="WebLogin" time="0.0">
    <ignored/>
  </testcase> <!-- WebLogin -->
  <testcase classname="Tutorial.HomeInsurance" name="WebLogin" time="0.0">
    <ignored/>
  </testcase> <!-- WebLogin -->
  <testcase classname="Tutorial.VehicleInsurance" name="MobileLogin" time="0.0">
    <ignored/>
  </testcase> <!-- MobileLogin -->
  <testcase classname="Tutorial.HomeInsurance" name="MobileLogout" time="0.0">
    <ignored/>
  </testcase> <!-- MobileLogout -->
  <testcase classname="Tutorial.VehicleInsurance" name="MobileLogout" time="0.0">
    <ignored/>
  </testcase> <!-- MobileLogout -->
  <testcase classname="Tutorial.HomeInsurance" name="WebLogout" time="0.0">
    <ignored/>
  </testcase> <!-- WebLogout -->
  <testcase classname="Tutorial.DogInsurance" name="WebLogin" time="0.0">
    <ignored/>
  </testcase> <!-- WebLogin -->
  <testcase classname="Tutorial.HomeInsurance" name="MobileLogin" time="0.0">
    <ignored/>
  </testcase> <!-- MobileLogin -->
  <testcase classname="Tutorial.DogInsurance" name="WebLogout" time="0.0">
    <ignored/>
  </testcase> <!-- WebLogout -->
  <testcase classname="Tutorial.VehicleInsurance" name="WebLogout" time="0.0">
    <ignored/>
  </testcase> <!-- WebLogout -->
</testsuite> <!-- Test -->
