<?xml version="1.0" encoding="UTF-8"?>
<!-- Generated by org.testng.reporters.JUnitXMLReporter -->
<testsuite ignored="9" hostname="JarvisLaptop" failures="0" tests="6" name="Test" time="0.066" errors="0" timestamp="2022-06-24T20:58:45 IST">
  <testcase classname="Tutorial.DogInsurance" name="WebLogin" time="0.011"/>
  <testcase classname="Tutorial.DogInsurance" name="WebLogout" time="0.001"/>
  <testcase classname="Tutorial.HomeInsurance" name="WebLogin" time="0.001"/>
  <testcase classname="Tutorial.HomeInsurance" name="WebLogout" time="0.001"/>
  <testcase classname="Tutorial.VehicleInsurance" name="WebLogout" time="0.002"/>
  <testcase classname="Tutorial.VehicleInsurance" name="WebLogin" time="0.001"/>
  <testcase classname="Tutorial.TestNgFirstPgm" name="firstpgm" time="0.0">
    <ignored/>
  </testcase> <!-- firstpgm -->
  <testcase classname="Tutorial.DogInsurance" name="MobileLogout" time="0.0">
    <ignored/>
  </testcase> <!-- MobileLogout -->
  <testcase classname="Tutorial.HomeInsurance" name="MobileLogout" time="0.0">
    <ignored/>
  </testcase> <!-- MobileLogout -->
  <testcase classname="Tutorial.HomeInsurance" name="MobileLogin" time="0.0">
    <ignored/>
  </testcase> <!-- MobileLogin -->
  <testcase classname="Tutorial.TestNGDP" name="SwagLagsLogin" time="0.0">
    <ignored/>
  </testcase> <!-- SwagLagsLogin -->
  <testcase classname="Tutorial.VehicleInsurance" name="MobileLogin" time="0.0">
    <ignored/>
  </testcase> <!-- MobileLogin -->
  <testcase classname="Tutorial.VehicleInsurance" name="MobileLogout" time="0.0">
    <ignored/>
  </testcase> <!-- MobileLogout -->
  <testcase classname="Tutorial.ParameterInTestNG" name="pgm" time="0.0">
    <ignored/>
  </testcase> <!-- pgm -->
  <testcase classname="Tutorial.DogInsurance" name="MobileLogin" time="0.0">
    <ignored/>
  </testcase> <!-- MobileLogin -->
</testsuite> <!-- Test -->
