<?xml version="1.0" encoding="UTF-8"?>
<!-- Generated by org.testng.reporters.JUnitXMLReporter -->
<testsuite ignored="0" hostname="JarvisLaptop" failures="0" tests="8" name="Test" time="0.113" errors="0" timestamp="2022-06-27T21:20:58 IST">
  <testcase classname="Insurance.DogInsuranceTest" name="MobileLogin" time="0.008"/>
  <testcase classname="Insurance.DogInsuranceTest" name="MobileLogout" time="0.002"/>
  <testcase classname="Insurance.DogInsuranceTest" name="WebLogin" time="0.002"/>
  <testcase classname="Insurance.DogInsuranceTest" name="WebLogout" time="0.004"/>
  <testcase classname="Insurance.HomeInsuranceTest" name="MobileLogin" time="0.003"/>
  <testcase classname="Insurance.HomeInsuranceTest" name="MobileLogout" time="0.002"/>
  <testcase classname="Insurance.HomeInsuranceTest" name="WebLogin" time="0.002"/>
  <testcase classname="Insurance.HomeInsuranceTest" name="WebLogout" time="0.001"/>
</testsuite> <!-- Test -->
