<?xml version="1.0" encoding="UTF-8"?>
<testng-results ignored="0" total="1" passed="1" failed="0" skipped="0">
  <reporter-output>
  </reporter-output>
  <suite started-at="2022-06-30T18:59:48 IST" name="Default suite" finished-at="2022-06-30T18:59:55 IST" duration-ms="6561">
    <groups>
    </groups>
    <test started-at="2022-06-30T18:59:48 IST" name="Default test" finished-at="2022-06-30T18:59:55 IST" duration-ms="6561">
      <class name="LoginTest">
        <test-method signature="login()[pri:0, instance:LoginTest@47af7f3d]" started-at="2022-06-30T18:59:48 IST" name="login" finished-at="2022-06-30T18:59:55 IST" duration-ms="6524" status="PASS">
          <reporter-output>
          </reporter-output>
        </test-method> <!-- login -->
      </class> <!-- LoginTest -->
    </test> <!-- Default test -->
  </suite> <!-- Default suite -->
</testng-results>
