<?xml version="1.0" encoding="UTF-8"?>
<testng-results ignored="0" total="1" passed="1" failed="0" skipped="0">
  <reporter-output>
  </reporter-output>
  <suite started-at="2022-07-13T20:37:58 IST" name="Default suite" finished-at="2022-07-13T20:37:59 IST" duration-ms="627">
    <groups>
    </groups>
    <test started-at="2022-07-13T20:37:58 IST" name="Default test" finished-at="2022-07-13T20:37:59 IST" duration-ms="627">
      <class name="TestCases.LoginTest">
        <test-method is-config="true" signature="loadConfig()[pri:0, instance:TestCases.LoginTest@1b7cc17c]" started-at="2022-07-13T20:37:58 IST" name="loadConfig" finished-at="2022-07-13T20:37:58 IST" duration-ms="8" status="PASS">
          <reporter-output>
          </reporter-output>
        </test-method> <!-- loadConfig -->
        <test-method signature="createclient()[pri:0, instance:TestCases.LoginTest@1b7cc17c]" started-at="2022-07-13T20:37:58 IST" name="createclient" finished-at="2022-07-13T20:37:59 IST" duration-ms="591" status="PASS">
          <reporter-output>
          </reporter-output>
        </test-method> <!-- createclient -->
      </class> <!-- TestCases.LoginTest -->
    </test> <!-- Default test -->
  </suite> <!-- Default suite -->
</testng-results>
