<?xml version="1.0" encoding="UTF-8"?>
<testng-results ignored="0" total="1" passed="1" failed="0" skipped="0">
  <reporter-output>
  </reporter-output>
  <suite started-at="2022-07-18T21:15:52 IST" name="Suite" finished-at="2022-07-18T21:15:59 IST" duration-ms="7084">
    <groups>
    </groups>
    <test started-at="2022-07-18T21:15:52 IST" name="Test" finished-at="2022-07-18T21:15:59 IST" duration-ms="7084">
      <class name="TestCases.LoginTest">
        <test-method is-config="true" signature="loadConfig()[pri:0, instance:TestCases.LoginTest@6aeb35e6]" started-at="2022-07-18T21:15:52 IST" name="loadConfig" finished-at="2022-07-18T21:15:52 IST" duration-ms="232" status="PASS">
          <reporter-output>
          </reporter-output>
        </test-method> <!-- loadConfig -->
        <test-method is-config="true" signature="firstcall()[pri:0, instance:TestCases.LoginTest@6aeb35e6]" started-at="2022-07-18T21:15:52 IST" name="firstcall" finished-at="2022-07-18T21:15:59 IST" duration-ms="6514" status="PASS">
          <reporter-output>
          </reporter-output>
        </test-method> <!-- firstcall -->
        <test-method signature="LoginTest()[pri:-1, instance:TestCases.LoginTest@6aeb35e6]" started-at="2022-07-18T21:15:59 IST" name="LoginTest" finished-at="2022-07-18T21:15:59 IST" duration-ms="528" status="PASS">
          <reporter-output>
          </reporter-output>
        </test-method> <!-- LoginTest -->
        <test-method is-config="true" signature="EndGame()[pri:0, instance:TestCases.LoginTest@6aeb35e6]" started-at="2022-07-18T21:15:59 IST" name="EndGame" finished-at="2022-07-18T21:16:00 IST" duration-ms="451" status="PASS">
          <reporter-output>
          </reporter-output>
        </test-method> <!-- EndGame -->
      </class> <!-- TestCases.LoginTest -->
    </test> <!-- Test -->
  </suite> <!-- Suite -->
</testng-results>
