<?xml version="1.0" encoding="UTF-8"?>
<!-- Generated by org.testng.reporters.JUnitXMLReporter -->
<testsuite ignored="0" hostname="JarvisLaptop" failures="0" tests="3" name="Test1" time="26.337" errors="0" timestamp="2022-07-21T22:09:18 IST">
  <testcase classname="TestCases.LoginTest" name="LoginTest" time="2.228"/>
  <testcase classname="TestCases.LoginTest" name="InvalidLogin" time="5.525"/>
  <testcase classname="TestCases.LoginTest" name="InvalidLogin" time="5.462"/>
</testsuite> <!-- Test1 -->
