<?xml version="1.0" encoding="UTF-8"?>
<!-- Generated by org.testng.reporters.JUnitXMLReporter -->
<testsuite ignored="0" hostname="JarvisLaptop" failures="0" tests="3" name="Default test" time="9.836" errors="0" timestamp="2022-06-23T21:37:37 IST">
  <testcase classname="Tutorial.TestNGDP" name="SwagLagsLogin" time="4.694"/>
  <testcase classname="Tutorial.TestNGDP" name="SwagLagsLogin" time="2.513"/>
  <testcase classname="Tutorial.TestNGDP" name="SwagLagsLogin" time="2.566"/>
</testsuite> <!-- Default test -->
