<?xml version="1.0" encoding="UTF-8"?>
<!-- Generated by org.testng.reporters.JUnitXMLReporter -->
<testsuite ignored="0" hostname="JarvisLaptop" failures="0" tests="4" name="Test" time="0.053" errors="0" timestamp="2022-06-21T21:40:27 IST">
  <testcase classname="Tutorial.VehicleInsurance" name="MobileLogout" time="0.01"/>
  <testcase classname="Tutorial.VehicleInsurance" name="MobileLogin" time="0.001"/>
  <testcase classname="Tutorial.VehicleInsurance" name="WebLogout" time="0.0"/>
  <testcase classname="Tutorial.VehicleInsurance" name="WebLogin" time="0.001"/>
</testsuite> <!-- Test -->
