<?xml version="1.0" encoding="UTF-8"?>
<!-- Generated by org.testng.reporters.JUnitXMLReporter -->
<testsuite ignored="6" hostname="JarvisLaptop" failures="0" tests="6" name="Test" time="0.075" errors="0" timestamp="2022-06-27T21:24:27 IST">
  <testcase classname="Insurance.DogInsuranceTest" name="WebLogin" time="0.013"/>
  <testcase classname="Insurance.HomeInsuranceTest" name="WebLogin" time="0.002"/>
  <testcase classname="Insurance.DogInsuranceTest" name="WebLogout" time="0.002"/>
  <testcase classname="Insurance.HomeInsuranceTest" name="WebLogout" time="0.0"/>
  <testcase classname="Insurance.VehicleInsuranceTest" name="WebLogout" time="0.001"/>
  <testcase classname="Insurance.VehicleInsuranceTest" name="WebLogin" time="0.003"/>
  <testcase classname="Insurance.VehicleInsuranceTest" name="MobileLogout" time="0.0">
    <ignored/>
  </testcase> <!-- MobileLogout -->
  <testcase classname="Insurance.HomeInsuranceTest" name="MobileLogout" time="0.0">
    <ignored/>
  </testcase> <!-- MobileLogout -->
  <testcase classname="Insurance.VehicleInsuranceTest" name="MobileLogin" time="0.0">
    <ignored/>
  </testcase> <!-- MobileLogin -->
  <testcase classname="Insurance.DogInsuranceTest" name="MobileLogin" time="0.0">
    <ignored/>
  </testcase> <!-- MobileLogin -->
  <testcase classname="Insurance.HomeInsuranceTest" name="MobileLogin" time="0.0">
    <ignored/>
  </testcase> <!-- MobileLogin -->
  <testcase classname="Insurance.DogInsuranceTest" name="MobileLogout" time="0.0">
    <ignored/>
  </testcase> <!-- MobileLogout -->
</testsuite> <!-- Test -->
